<?xml version='1.0' encoding='UTF-8'?>
<project>
  <actions/>
  <description>Checks for missing configs</description>
  <keepDependencies>false</keepDependencies>
  <properties>
    <jenkins.plugins.slack.SlackNotifier_-SlackJobProperty plugin="slack@1.7">
      <teamDomain></teamDomain>
      <token></token>
      <room></room>
      <startNotification>false</startNotification>
      <notifySuccess>false</notifySuccess>
      <notifyAborted>false</notifyAborted>
      <notifyNotBuilt>false</notifyNotBuilt>
      <notifyUnstable>false</notifyUnstable>
      <notifyFailure>false</notifyFailure>
      <notifyBackToNormal>false</notifyBackToNormal>
      <notifyRepeatedFailure>false</notifyRepeatedFailure>
      <includeTestSummary>false</includeTestSummary>
      <showCommitList>false</showCommitList>
    </jenkins.plugins.slack.SlackNotifier_-SlackJobProperty>
  </properties>
  <scm class="hudson.scm.NullSCM"/>
  <assignedNode>master</assignedNode>
  <canRoam>false</canRoam>
  <disabled>false</disabled>
  <blockBuildWhenDownstreamBuilding>false</blockBuildWhenDownstreamBuilding>
  <blockBuildWhenUpstreamBuilding>false</blockBuildWhenUpstreamBuilding>
  <triggers>
    <hudson.triggers.TimerTrigger>
      <spec>H * * * *</spec>
    </hudson.triggers.TimerTrigger>
  </triggers>
  <concurrentBuild>false</concurrentBuild>
  <builders>
    <hudson.tasks.Shell>
      <command>#!/bin/sh

set +e
cd ../../
FLAG=0
for dir in */ ; do
    CONFIG=&quot;config.xml&quot;
    if [ ! -f $dir$CONFIG ]; then
        echo &quot;File not found! $dir&quot;
        FLAG=1
    fi
done
exit $FLAG
</command>
    </hudson.tasks.Shell>
  </builders>
  <publishers/>
  <buildWrappers/>
</project>